Submitted batch job 9322275
(from job_submit) your job is charged as below
              Project Account: 132713600467
              Account Balance: 1254.066525
              Requested SUs:   1
  Requested SUs is based on CPU only and does not include SU charges for
  requested GPUs. A negative balance is possible if the difference is
  greater than the remaining balance.
Submitted batch job 9322276
(from job_submit) your job is charged as below
              Project Account: 132713600467
              Account Balance: 1254.066525
              Requested SUs:   1
  Requested SUs is based on CPU only and does not include SU charges for
  requested GPUs. A negative balance is possible if the difference is
  greater than the remaining balance.
Submitted batch job 9322277
(from job_submit) your job is charged as below
              Project Account: 132713600467
              Account Balance: 1253.066525
              Requested SUs:   1
  Requested SUs is based on CPU only and does not include SU charges for
  requested GPUs. A negative balance is possible if the difference is
  greater than the remaining balance.
Submitted batch job 9322279
(from job_submit) your job is charged as below
              Project Account: 132713600467
              Account Balance: 1253.066525
              Requested SUs:   1
  Requested SUs is based on CPU only and does not include SU charges for
  requested GPUs. A negative balance is possible if the difference is
  greater than the remaining balance.
Submitted batch job 9322281
(from job_submit) your job is charged as below
              Project Account: 132713600467
              Account Balance: 1253.066525
              Requested SUs:   1
  Requested SUs is based on CPU only and does not include SU charges for
  requested GPUs. A negative balance is possible if the difference is
  greater than the remaining balance.
Submitted batch job 9322283
(from job_submit) your job is charged as below
              Project Account: 132713600467
              Account Balance: 1253.066525
              Requested SUs:   1
  Requested SUs is based on CPU only and does not include SU charges for
  requested GPUs. A negative balance is possible if the difference is
  greater than the remaining balance.
Submitted batch job 9322285
(from job_submit) your job is charged as below
              Project Account: 132713600467
              Account Balance: 1253.066525
              Requested SUs:   1
  Requested SUs is based on CPU only and does not include SU charges for
  requested GPUs. A negative balance is possible if the difference is
  greater than the remaining balance.
Submitted batch job 9322286
(from job_submit) your job is charged as below
              Project Account: 132713600467
              Account Balance: 1248.066525
              Requested SUs:   1
  Requested SUs is based on CPU only and does not include SU charges for
  requested GPUs. A negative balance is possible if the difference is
  greater than the remaining balance.
Submitted batch job 9322287
(from job_submit) your job is charged as below
              Project Account: 132713600467
              Account Balance: 1248.066525
              Requested SUs:   1
  Requested SUs is based on CPU only and does not include SU charges for
  requested GPUs. A negative balance is possible if the difference is
  greater than the remaining balance.
Submitted batch job 9322288
(from job_submit) your job is charged as below
              Project Account: 132713600467
              Account Balance: 1248.066525
              Requested SUs:   1
  Requested SUs is based on CPU only and does not include SU charges for
  requested GPUs. A negative balance is possible if the difference is
  greater than the remaining balance.
Submitted batch job 9322289
(from job_submit) your job is charged as below
              Project Account: 132713600467
              Account Balance: 1248.066525
              Requested SUs:   1
  Requested SUs is based on CPU only and does not include SU charges for
  requested GPUs. A negative balance is possible if the difference is
  greater than the remaining balance.
Submitted batch job 9322290
(from job_submit) your job is charged as below
              Project Account: 132713600467
              Account Balance: 1248.066525
              Requested SUs:   1
  Requested SUs is based on CPU only and does not include SU charges for
  requested GPUs. A negative balance is possible if the difference is
  greater than the remaining balance.
Submitted batch job 9322291
(from job_submit) your job is charged as below
              Project Account: 132713600467
              Account Balance: 1242.066525
              Requested SUs:   1
  Requested SUs is based on CPU only and does not include SU charges for
  requested GPUs. A negative balance is possible if the difference is
  greater than the remaining balance.
Submitted batch job 9322292
(from job_submit) your job is charged as below
              Project Account: 132713600467
              Account Balance: 1242.066525
              Requested SUs:   1
  Requested SUs is based on CPU only and does not include SU charges for
  requested GPUs. A negative balance is possible if the difference is
  greater than the remaining balance.
Submitted batch job 9322293
(from job_submit) your job is charged as below
              Project Account: 132713600467
              Account Balance: 1242.066525
              Requested SUs:   1
  Requested SUs is based on CPU only and does not include SU charges for
  requested GPUs. A negative balance is possible if the difference is
  greater than the remaining balance.
Submitted batch job 9322294
(from job_submit) your job is charged as below
              Project Account: 132713600467
              Account Balance: 1242.066525
              Requested SUs:   1
  Requested SUs is based on CPU only and does not include SU charges for
  requested GPUs. A negative balance is possible if the difference is
  greater than the remaining balance.
Submitted batch job 9322295
(from job_submit) your job is charged as below
              Project Account: 132713600467
              Account Balance: 1242.066525
              Requested SUs:   1
  Requested SUs is based on CPU only and does not include SU charges for
  requested GPUs. A negative balance is possible if the difference is
  greater than the remaining balance.
Submitted batch job 9322296
(from job_submit) your job is charged as below
              Project Account: 132713600467
              Account Balance: 1242.066525
              Requested SUs:   1
  Requested SUs is based on CPU only and does not include SU charges for
  requested GPUs. A negative balance is possible if the difference is
  greater than the remaining balance.
Submitted batch job 9322297
(from job_submit) your job is charged as below
              Project Account: 132713600467
              Account Balance: 1242.066525
              Requested SUs:   1
  Requested SUs is based on CPU only and does not include SU charges for
  requested GPUs. A negative balance is possible if the difference is
  greater than the remaining balance.
Submitted batch job 9322298
(from job_submit) your job is charged as below
              Project Account: 132713600467
              Account Balance: 1242.066525
              Requested SUs:   1
  Requested SUs is based on CPU only and does not include SU charges for
  requested GPUs. A negative balance is possible if the difference is
  greater than the remaining balance.
Submitted batch job 9322299
(from job_submit) your job is charged as below
              Project Account: 132713600467
              Account Balance: 1234.066525
              Requested SUs:   1
  Requested SUs is based on CPU only and does not include SU charges for
  requested GPUs. A negative balance is possible if the difference is
  greater than the remaining balance.
Submitted batch job 9322300
(from job_submit) your job is charged as below
              Project Account: 132713600467
              Account Balance: 1234.066525
              Requested SUs:   1
  Requested SUs is based on CPU only and does not include SU charges for
  requested GPUs. A negative balance is possible if the difference is
  greater than the remaining balance.
Submitted batch job 9322301
(from job_submit) your job is charged as below
              Project Account: 132713600467
              Account Balance: 1234.066525
              Requested SUs:   1
  Requested SUs is based on CPU only and does not include SU charges for
  requested GPUs. A negative balance is possible if the difference is
  greater than the remaining balance.
Submitted batch job 9322302
(from job_submit) your job is charged as below
              Project Account: 132713600467
              Account Balance: 1234.066525
              Requested SUs:   1
  Requested SUs is based on CPU only and does not include SU charges for
  requested GPUs. A negative balance is possible if the difference is
  greater than the remaining balance.
Submitted batch job 9322303
(from job_submit) your job is charged as below
              Project Account: 132713600467
              Account Balance: 1234.066525
              Requested SUs:   1
  Requested SUs is based on CPU only and does not include SU charges for
  requested GPUs. A negative balance is possible if the difference is
  greater than the remaining balance.
Submitted batch job 9322304
(from job_submit) your job is charged as below
              Project Account: 132713600467
              Account Balance: 1234.066525
              Requested SUs:   1
  Requested SUs is based on CPU only and does not include SU charges for
  requested GPUs. A negative balance is possible if the difference is
  greater than the remaining balance.
Submitted batch job 9322305
(from job_submit) your job is charged as below
              Project Account: 132713600467
              Account Balance: 1234.066525
              Requested SUs:   1
  Requested SUs is based on CPU only and does not include SU charges for
  requested GPUs. A negative balance is possible if the difference is
  greater than the remaining balance.
Submitted batch job 9322306
(from job_submit) your job is charged as below
              Project Account: 132713600467
              Account Balance: 1234.066525
              Requested SUs:   1
  Requested SUs is based on CPU only and does not include SU charges for
  requested GPUs. A negative balance is possible if the difference is
  greater than the remaining balance.
Submitted batch job 9322307
(from job_submit) your job is charged as below
              Project Account: 132713600467
              Account Balance: 1227.066525
              Requested SUs:   1
  Requested SUs is based on CPU only and does not include SU charges for
  requested GPUs. A negative balance is possible if the difference is
  greater than the remaining balance.
Submitted batch job 9322308
(from job_submit) your job is charged as below
              Project Account: 132713600467
              Account Balance: 1227.066525
              Requested SUs:   1
  Requested SUs is based on CPU only and does not include SU charges for
  requested GPUs. A negative balance is possible if the difference is
  greater than the remaining balance.
Submitted batch job 9322309
(from job_submit) your job is charged as below
              Project Account: 132713600467
              Account Balance: 1227.066525
              Requested SUs:   1
  Requested SUs is based on CPU only and does not include SU charges for
  requested GPUs. A negative balance is possible if the difference is
  greater than the remaining balance.
Submitted batch job 9322310
(from job_submit) your job is charged as below
              Project Account: 132713600467
              Account Balance: 1227.066525
              Requested SUs:   1
  Requested SUs is based on CPU only and does not include SU charges for
  requested GPUs. A negative balance is possible if the difference is
  greater than the remaining balance.
Submitted batch job 9322311
(from job_submit) your job is charged as below
              Project Account: 132713600467
              Account Balance: 1227.066525
              Requested SUs:   1
  Requested SUs is based on CPU only and does not include SU charges for
  requested GPUs. A negative balance is possible if the difference is
  greater than the remaining balance.
Submitted batch job 9322312
(from job_submit) your job is charged as below
              Project Account: 132713600467
              Account Balance: 1227.066525
              Requested SUs:   1
  Requested SUs is based on CPU only and does not include SU charges for
  requested GPUs. A negative balance is possible if the difference is
  greater than the remaining balance.
Submitted batch job 9322313
(from job_submit) your job is charged as below
              Project Account: 132713600467
              Account Balance: 1227.066525
              Requested SUs:   1
  Requested SUs is based on CPU only and does not include SU charges for
  requested GPUs. A negative balance is possible if the difference is
  greater than the remaining balance.
Submitted batch job 9322314
(from job_submit) your job is charged as below
              Project Account: 132713600467
              Account Balance: 1220.066525
              Requested SUs:   1
  Requested SUs is based on CPU only and does not include SU charges for
  requested GPUs. A negative balance is possible if the difference is
  greater than the remaining balance.
Submitted batch job 9322315
(from job_submit) your job is charged as below
              Project Account: 132713600467
              Account Balance: 1220.066525
              Requested SUs:   1
  Requested SUs is based on CPU only and does not include SU charges for
  requested GPUs. A negative balance is possible if the difference is
  greater than the remaining balance.
Submitted batch job 9322316
(from job_submit) your job is charged as below
              Project Account: 132713600467
              Account Balance: 1220.066525
              Requested SUs:   1
  Requested SUs is based on CPU only and does not include SU charges for
  requested GPUs. A negative balance is possible if the difference is
  greater than the remaining balance.
Submitted batch job 9322317
(from job_submit) your job is charged as below
              Project Account: 132713600467
              Account Balance: 1220.066525
              Requested SUs:   1
  Requested SUs is based on CPU only and does not include SU charges for
  requested GPUs. A negative balance is possible if the difference is
  greater than the remaining balance.
Submitted batch job 9322318
(from job_submit) your job is charged as below
              Project Account: 132713600467
              Account Balance: 1220.066525
              Requested SUs:   1
  Requested SUs is based on CPU only and does not include SU charges for
  requested GPUs. A negative balance is possible if the difference is
  greater than the remaining balance.
Submitted batch job 9322319
(from job_submit) your job is charged as below
              Project Account: 132713600467
              Account Balance: 1220.066525
              Requested SUs:   1
  Requested SUs is based on CPU only and does not include SU charges for
  requested GPUs. A negative balance is possible if the difference is
  greater than the remaining balance.
Submitted batch job 9322320
(from job_submit) your job is charged as below
              Project Account: 132713600467
              Account Balance: 1220.066525
              Requested SUs:   1
  Requested SUs is based on CPU only and does not include SU charges for
  requested GPUs. A negative balance is possible if the difference is
  greater than the remaining balance.
Submitted batch job 9322321
(from job_submit) your job is charged as below
              Project Account: 132713600467
              Account Balance: 1220.066525
              Requested SUs:   1
  Requested SUs is based on CPU only and does not include SU charges for
  requested GPUs. A negative balance is possible if the difference is
  greater than the remaining balance.
Submitted batch job 9322322
(from job_submit) your job is charged as below
              Project Account: 132713600467
              Account Balance: 1212.066525
              Requested SUs:   1
  Requested SUs is based on CPU only and does not include SU charges for
  requested GPUs. A negative balance is possible if the difference is
  greater than the remaining balance.
Submitted batch job 9322323
(from job_submit) your job is charged as below
              Project Account: 132713600467
              Account Balance: 1212.066525
              Requested SUs:   1
  Requested SUs is based on CPU only and does not include SU charges for
  requested GPUs. A negative balance is possible if the difference is
  greater than the remaining balance.
Submitted batch job 9322324
(from job_submit) your job is charged as below
              Project Account: 132713600467
              Account Balance: 1212.066525
              Requested SUs:   1
  Requested SUs is based on CPU only and does not include SU charges for
  requested GPUs. A negative balance is possible if the difference is
  greater than the remaining balance.
Submitted batch job 9322325
(from job_submit) your job is charged as below
              Project Account: 132713600467
              Account Balance: 1212.066525
              Requested SUs:   1
  Requested SUs is based on CPU only and does not include SU charges for
  requested GPUs. A negative balance is possible if the difference is
  greater than the remaining balance.
Submitted batch job 9322326
(from job_submit) your job is charged as below
              Project Account: 132713600467
              Account Balance: 1212.066525
              Requested SUs:   1
  Requested SUs is based on CPU only and does not include SU charges for
  requested GPUs. A negative balance is possible if the difference is
  greater than the remaining balance.
Submitted batch job 9322327
(from job_submit) your job is charged as below
              Project Account: 132713600467
              Account Balance: 1212.066525
              Requested SUs:   1
  Requested SUs is based on CPU only and does not include SU charges for
  requested GPUs. A negative balance is possible if the difference is
  greater than the remaining balance.
Submitted batch job 9322328
(from job_submit) your job is charged as below
              Project Account: 132713600467
              Account Balance: 1212.066525
              Requested SUs:   1
  Requested SUs is based on CPU only and does not include SU charges for
  requested GPUs. A negative balance is possible if the difference is
  greater than the remaining balance.
Submitted batch job 9322329
(from job_submit) your job is charged as below
              Project Account: 132713600467
              Account Balance: 1204.066525
              Requested SUs:   1
  Requested SUs is based on CPU only and does not include SU charges for
  requested GPUs. A negative balance is possible if the difference is
  greater than the remaining balance.
Submitted batch job 9322330
(from job_submit) your job is charged as below
              Project Account: 132713600467
              Account Balance: 1204.066525
              Requested SUs:   1
  Requested SUs is based on CPU only and does not include SU charges for
  requested GPUs. A negative balance is possible if the difference is
  greater than the remaining balance.
Submitted batch job 9322331
(from job_submit) your job is charged as below
              Project Account: 132713600467
              Account Balance: 1204.066525
              Requested SUs:   1
  Requested SUs is based on CPU only and does not include SU charges for
  requested GPUs. A negative balance is possible if the difference is
  greater than the remaining balance.
Submitted batch job 9322332
(from job_submit) your job is charged as below
              Project Account: 132713600467
              Account Balance: 1204.066525
              Requested SUs:   1
  Requested SUs is based on CPU only and does not include SU charges for
  requested GPUs. A negative balance is possible if the difference is
  greater than the remaining balance.
Submitted batch job 9322333
(from job_submit) your job is charged as below
              Project Account: 132713600467
              Account Balance: 1204.066525
              Requested SUs:   1
  Requested SUs is based on CPU only and does not include SU charges for
  requested GPUs. A negative balance is possible if the difference is
  greater than the remaining balance.
Submitted batch job 9322334
(from job_submit) your job is charged as below
              Project Account: 132713600467
              Account Balance: 1204.066525
              Requested SUs:   1
  Requested SUs is based on CPU only and does not include SU charges for
  requested GPUs. A negative balance is possible if the difference is
  greater than the remaining balance.
Submitted batch job 9322335
(from job_submit) your job is charged as below
              Project Account: 132713600467
              Account Balance: 1204.066525
              Requested SUs:   1
  Requested SUs is based on CPU only and does not include SU charges for
  requested GPUs. A negative balance is possible if the difference is
  greater than the remaining balance.
Submitted batch job 9322336
(from job_submit) your job is charged as below
              Project Account: 132713600467
              Account Balance: 1204.066525
              Requested SUs:   1
  Requested SUs is based on CPU only and does not include SU charges for
  requested GPUs. A negative balance is possible if the difference is
  greater than the remaining balance.
Submitted batch job 9322338
(from job_submit) your job is charged as below
              Project Account: 132713600467
              Account Balance: 1197.066525
              Requested SUs:   1
  Requested SUs is based on CPU only and does not include SU charges for
  requested GPUs. A negative balance is possible if the difference is
  greater than the remaining balance.
Submitted batch job 9322339
(from job_submit) your job is charged as below
              Project Account: 132713600467
              Account Balance: 1197.066525
              Requested SUs:   1
  Requested SUs is based on CPU only and does not include SU charges for
  requested GPUs. A negative balance is possible if the difference is
  greater than the remaining balance.
Submitted batch job 9322341
(from job_submit) your job is charged as below
              Project Account: 132713600467
              Account Balance: 1197.066525
              Requested SUs:   1
  Requested SUs is based on CPU only and does not include SU charges for
  requested GPUs. A negative balance is possible if the difference is
  greater than the remaining balance.
Submitted batch job 9322342
(from job_submit) your job is charged as below
              Project Account: 132713600467
              Account Balance: 1197.066525
              Requested SUs:   1
  Requested SUs is based on CPU only and does not include SU charges for
  requested GPUs. A negative balance is possible if the difference is
  greater than the remaining balance.
Submitted batch job 9322343
(from job_submit) your job is charged as below
              Project Account: 132713600467
              Account Balance: 1197.066525
              Requested SUs:   1
  Requested SUs is based on CPU only and does not include SU charges for
  requested GPUs. A negative balance is possible if the difference is
  greater than the remaining balance.
Submitted batch job 9322344
(from job_submit) your job is charged as below
              Project Account: 132713600467
              Account Balance: 1197.066525
              Requested SUs:   1
  Requested SUs is based on CPU only and does not include SU charges for
  requested GPUs. A negative balance is possible if the difference is
  greater than the remaining balance.
Submitted batch job 9322345
(from job_submit) your job is charged as below
              Project Account: 132713600467
              Account Balance: 1191.066525
              Requested SUs:   1
  Requested SUs is based on CPU only and does not include SU charges for
  requested GPUs. A negative balance is possible if the difference is
  greater than the remaining balance.
Submitted batch job 9322346
(from job_submit) your job is charged as below
              Project Account: 132713600467
              Account Balance: 1191.066525
              Requested SUs:   1
  Requested SUs is based on CPU only and does not include SU charges for
  requested GPUs. A negative balance is possible if the difference is
  greater than the remaining balance.
Submitted batch job 9322347
(from job_submit) your job is charged as below
              Project Account: 132713600467
              Account Balance: 1191.066525
              Requested SUs:   1
  Requested SUs is based on CPU only and does not include SU charges for
  requested GPUs. A negative balance is possible if the difference is
  greater than the remaining balance.
Submitted batch job 9322348
(from job_submit) your job is charged as below
              Project Account: 132713600467
              Account Balance: 1191.066525
              Requested SUs:   1
  Requested SUs is based on CPU only and does not include SU charges for
  requested GPUs. A negative balance is possible if the difference is
  greater than the remaining balance.
Submitted batch job 9322349
(from job_submit) your job is charged as below
              Project Account: 132713600467
              Account Balance: 1191.066525
              Requested SUs:   1
  Requested SUs is based on CPU only and does not include SU charges for
  requested GPUs. A negative balance is possible if the difference is
  greater than the remaining balance.
Submitted batch job 9322350
(from job_submit) your job is charged as below
              Project Account: 132713600467
              Account Balance: 1191.066525
              Requested SUs:   1
  Requested SUs is based on CPU only and does not include SU charges for
  requested GPUs. A negative balance is possible if the difference is
  greater than the remaining balance.
Submitted batch job 9322351
(from job_submit) your job is charged as below
              Project Account: 132713600467
              Account Balance: 1191.066525
              Requested SUs:   1
  Requested SUs is based on CPU only and does not include SU charges for
  requested GPUs. A negative balance is possible if the difference is
  greater than the remaining balance.
Submitted batch job 9322352
(from job_submit) your job is charged as below
              Project Account: 132713600467
              Account Balance: 1208.066525
              Requested SUs:   1
  Requested SUs is based on CPU only and does not include SU charges for
  requested GPUs. A negative balance is possible if the difference is
  greater than the remaining balance.
Submitted batch job 9322353
(from job_submit) your job is charged as below
              Project Account: 132713600467
              Account Balance: 1208.066525
              Requested SUs:   1
  Requested SUs is based on CPU only and does not include SU charges for
  requested GPUs. A negative balance is possible if the difference is
  greater than the remaining balance.
Submitted batch job 9322354
(from job_submit) your job is charged as below
              Project Account: 132713600467
              Account Balance: 1208.066525
              Requested SUs:   1
  Requested SUs is based on CPU only and does not include SU charges for
  requested GPUs. A negative balance is possible if the difference is
  greater than the remaining balance.
Submitted batch job 9322355
(from job_submit) your job is charged as below
              Project Account: 132713600467
              Account Balance: 1208.066525
              Requested SUs:   1
  Requested SUs is based on CPU only and does not include SU charges for
  requested GPUs. A negative balance is possible if the difference is
  greater than the remaining balance.
Submitted batch job 9322356
(from job_submit) your job is charged as below
              Project Account: 132713600467
              Account Balance: 1208.066525
              Requested SUs:   1
  Requested SUs is based on CPU only and does not include SU charges for
  requested GPUs. A negative balance is possible if the difference is
  greater than the remaining balance.
Submitted batch job 9322357
(from job_submit) your job is charged as below
              Project Account: 132713600467
              Account Balance: 1208.066525
              Requested SUs:   1
  Requested SUs is based on CPU only and does not include SU charges for
  requested GPUs. A negative balance is possible if the difference is
  greater than the remaining balance.
Submitted batch job 9322358
(from job_submit) your job is charged as below
              Project Account: 132713600467
              Account Balance: 1208.066525
              Requested SUs:   1
  Requested SUs is based on CPU only and does not include SU charges for
  requested GPUs. A negative balance is possible if the difference is
  greater than the remaining balance.
Submitted batch job 9322359
(from job_submit) your job is charged as below
              Project Account: 132713600467
              Account Balance: 1208.066525
              Requested SUs:   1
  Requested SUs is based on CPU only and does not include SU charges for
  requested GPUs. A negative balance is possible if the difference is
  greater than the remaining balance.
Submitted batch job 9322360
(from job_submit) your job is charged as below
              Project Account: 132713600467
              Account Balance: 1201.066525
              Requested SUs:   1
  Requested SUs is based on CPU only and does not include SU charges for
  requested GPUs. A negative balance is possible if the difference is
  greater than the remaining balance.
Submitted batch job 9322361
(from job_submit) your job is charged as below
              Project Account: 132713600467
              Account Balance: 1201.066525
              Requested SUs:   1
  Requested SUs is based on CPU only and does not include SU charges for
  requested GPUs. A negative balance is possible if the difference is
  greater than the remaining balance.
Submitted batch job 9322362
(from job_submit) your job is charged as below
              Project Account: 132713600467
              Account Balance: 1201.066525
              Requested SUs:   1
  Requested SUs is based on CPU only and does not include SU charges for
  requested GPUs. A negative balance is possible if the difference is
  greater than the remaining balance.
Submitted batch job 9322363
(from job_submit) your job is charged as below
              Project Account: 132713600467
              Account Balance: 1201.066525
              Requested SUs:   1
  Requested SUs is based on CPU only and does not include SU charges for
  requested GPUs. A negative balance is possible if the difference is
  greater than the remaining balance.
Submitted batch job 9322364
(from job_submit) your job is charged as below
              Project Account: 132713600467
              Account Balance: 1201.066525
              Requested SUs:   1
  Requested SUs is based on CPU only and does not include SU charges for
  requested GPUs. A negative balance is possible if the difference is
  greater than the remaining balance.
Submitted batch job 9322365
(from job_submit) your job is charged as below
              Project Account: 132713600467
              Account Balance: 1201.066525
              Requested SUs:   1
  Requested SUs is based on CPU only and does not include SU charges for
  requested GPUs. A negative balance is possible if the difference is
  greater than the remaining balance.
Submitted batch job 9322366
(from job_submit) your job is charged as below
              Project Account: 132713600467
              Account Balance: 1201.066525
              Requested SUs:   1
  Requested SUs is based on CPU only and does not include SU charges for
  requested GPUs. A negative balance is possible if the difference is
  greater than the remaining balance.
Submitted batch job 9322367
(from job_submit) your job is charged as below
              Project Account: 132713600467
              Account Balance: 1193.066525
              Requested SUs:   1
  Requested SUs is based on CPU only and does not include SU charges for
  requested GPUs. A negative balance is possible if the difference is
  greater than the remaining balance.
Submitted batch job 9322368
(from job_submit) your job is charged as below
              Project Account: 132713600467
              Account Balance: 1193.066525
              Requested SUs:   1
  Requested SUs is based on CPU only and does not include SU charges for
  requested GPUs. A negative balance is possible if the difference is
  greater than the remaining balance.
Submitted batch job 9322369
(from job_submit) your job is charged as below
              Project Account: 132713600467
              Account Balance: 1193.066525
              Requested SUs:   1
  Requested SUs is based on CPU only and does not include SU charges for
  requested GPUs. A negative balance is possible if the difference is
  greater than the remaining balance.
Submitted batch job 9322370
(from job_submit) your job is charged as below
              Project Account: 132713600467
              Account Balance: 1193.066525
              Requested SUs:   1
  Requested SUs is based on CPU only and does not include SU charges for
  requested GPUs. A negative balance is possible if the difference is
  greater than the remaining balance.
Submitted batch job 9322371
(from job_submit) your job is charged as below
              Project Account: 132713600467
              Account Balance: 1193.066525
              Requested SUs:   1
  Requested SUs is based on CPU only and does not include SU charges for
  requested GPUs. A negative balance is possible if the difference is
  greater than the remaining balance.
Submitted batch job 9322372
(from job_submit) your job is charged as below
              Project Account: 132713600467
              Account Balance: 1193.066525
              Requested SUs:   1
  Requested SUs is based on CPU only and does not include SU charges for
  requested GPUs. A negative balance is possible if the difference is
  greater than the remaining balance.
Submitted batch job 9322373
(from job_submit) your job is charged as below
              Project Account: 132713600467
              Account Balance: 1193.066525
              Requested SUs:   1
  Requested SUs is based on CPU only and does not include SU charges for
  requested GPUs. A negative balance is possible if the difference is
  greater than the remaining balance.
Submitted batch job 9322374
(from job_submit) your job is charged as below
              Project Account: 132713600467
              Account Balance: 1193.066525
              Requested SUs:   1
  Requested SUs is based on CPU only and does not include SU charges for
  requested GPUs. A negative balance is possible if the difference is
  greater than the remaining balance.
Submitted batch job 9322375
(from job_submit) your job is charged as below
              Project Account: 132713600467
              Account Balance: 1185.066525
              Requested SUs:   1
  Requested SUs is based on CPU only and does not include SU charges for
  requested GPUs. A negative balance is possible if the difference is
  greater than the remaining balance.
Submitted batch job 9322376
(from job_submit) your job is charged as below
              Project Account: 132713600467
              Account Balance: 1185.066525
              Requested SUs:   1
  Requested SUs is based on CPU only and does not include SU charges for
  requested GPUs. A negative balance is possible if the difference is
  greater than the remaining balance.
Submitted batch job 9322377
(from job_submit) your job is charged as below
              Project Account: 132713600467
              Account Balance: 1185.066525
              Requested SUs:   1
  Requested SUs is based on CPU only and does not include SU charges for
  requested GPUs. A negative balance is possible if the difference is
  greater than the remaining balance.
Submitted batch job 9322378
(from job_submit) your job is charged as below
              Project Account: 132713600467
              Account Balance: 1185.066525
              Requested SUs:   1
  Requested SUs is based on CPU only and does not include SU charges for
  requested GPUs. A negative balance is possible if the difference is
  greater than the remaining balance.
Submitted batch job 9322379
(from job_submit) your job is charged as below
              Project Account: 132713600467
              Account Balance: 1185.066525
              Requested SUs:   1
  Requested SUs is based on CPU only and does not include SU charges for
  requested GPUs. A negative balance is possible if the difference is
  greater than the remaining balance.
Submitted batch job 9322380
(from job_submit) your job is charged as below
              Project Account: 132713600467
              Account Balance: 1185.066525
              Requested SUs:   1
  Requested SUs is based on CPU only and does not include SU charges for
  requested GPUs. A negative balance is possible if the difference is
  greater than the remaining balance.
Submitted batch job 9322381
(from job_submit) your job is charged as below
              Project Account: 132713600467
              Account Balance: 1185.066525
              Requested SUs:   1
  Requested SUs is based on CPU only and does not include SU charges for
  requested GPUs. A negative balance is possible if the difference is
  greater than the remaining balance.
Submitted batch job 9322382
(from job_submit) your job is charged as below
              Project Account: 132713600467
              Account Balance: 1185.066525
              Requested SUs:   1
  Requested SUs is based on CPU only and does not include SU charges for
  requested GPUs. A negative balance is possible if the difference is
  greater than the remaining balance.
Submitted batch job 9322383
(from job_submit) your job is charged as below
              Project Account: 132713600467
              Account Balance: 1178.066525
              Requested SUs:   1
  Requested SUs is based on CPU only and does not include SU charges for
  requested GPUs. A negative balance is possible if the difference is
  greater than the remaining balance.
Submitted batch job 9322384
(from job_submit) your job is charged as below
              Project Account: 132713600467
              Account Balance: 1178.066525
              Requested SUs:   1
  Requested SUs is based on CPU only and does not include SU charges for
  requested GPUs. A negative balance is possible if the difference is
  greater than the remaining balance.
Submitted batch job 9322385
(from job_submit) your job is charged as below
              Project Account: 132713600467
              Account Balance: 1178.066525
              Requested SUs:   1
  Requested SUs is based on CPU only and does not include SU charges for
  requested GPUs. A negative balance is possible if the difference is
  greater than the remaining balance.
Submitted batch job 9322386
(from job_submit) your job is charged as below
              Project Account: 132713600467
              Account Balance: 1178.066525
              Requested SUs:   1
  Requested SUs is based on CPU only and does not include SU charges for
  requested GPUs. A negative balance is possible if the difference is
  greater than the remaining balance.
Submitted batch job 9322387
(from job_submit) your job is charged as below
              Project Account: 132713600467
              Account Balance: 1178.066525
              Requested SUs:   1
  Requested SUs is based on CPU only and does not include SU charges for
  requested GPUs. A negative balance is possible if the difference is
  greater than the remaining balance.
Submitted batch job 9322388
(from job_submit) your job is charged as below
              Project Account: 132713600467
              Account Balance: 1178.066525
              Requested SUs:   1
  Requested SUs is based on CPU only and does not include SU charges for
  requested GPUs. A negative balance is possible if the difference is
  greater than the remaining balance.
Submitted batch job 9322389
(from job_submit) your job is charged as below
              Project Account: 132713600467
              Account Balance: 1178.066525
              Requested SUs:   1
  Requested SUs is based on CPU only and does not include SU charges for
  requested GPUs. A negative balance is possible if the difference is
  greater than the remaining balance.
Submitted batch job 9322390
(from job_submit) your job is charged as below
              Project Account: 132713600467
              Account Balance: 1170.066525
              Requested SUs:   1
  Requested SUs is based on CPU only and does not include SU charges for
  requested GPUs. A negative balance is possible if the difference is
  greater than the remaining balance.
Submitted batch job 9322391
(from job_submit) your job is charged as below
              Project Account: 132713600467
              Account Balance: 1170.066525
              Requested SUs:   1
  Requested SUs is based on CPU only and does not include SU charges for
  requested GPUs. A negative balance is possible if the difference is
  greater than the remaining balance.
Submitted batch job 9322392
(from job_submit) your job is charged as below
              Project Account: 132713600467
              Account Balance: 1170.066525
              Requested SUs:   1
  Requested SUs is based on CPU only and does not include SU charges for
  requested GPUs. A negative balance is possible if the difference is
  greater than the remaining balance.
Submitted batch job 9322393
(from job_submit) your job is charged as below
              Project Account: 132713600467
              Account Balance: 1170.066525
              Requested SUs:   1
  Requested SUs is based on CPU only and does not include SU charges for
  requested GPUs. A negative balance is possible if the difference is
  greater than the remaining balance.
Submitted batch job 9322394
(from job_submit) your job is charged as below
              Project Account: 132713600467
              Account Balance: 1170.066525
              Requested SUs:   1
  Requested SUs is based on CPU only and does not include SU charges for
  requested GPUs. A negative balance is possible if the difference is
  greater than the remaining balance.
Submitted batch job 9322395
(from job_submit) your job is charged as below
              Project Account: 132713600467
              Account Balance: 1170.066525
              Requested SUs:   1
  Requested SUs is based on CPU only and does not include SU charges for
  requested GPUs. A negative balance is possible if the difference is
  greater than the remaining balance.
Submitted batch job 9322396
(from job_submit) your job is charged as below
              Project Account: 132713600467
              Account Balance: 1170.066525
              Requested SUs:   1
  Requested SUs is based on CPU only and does not include SU charges for
  requested GPUs. A negative balance is possible if the difference is
  greater than the remaining balance.
Submitted batch job 9322397
(from job_submit) your job is charged as below
              Project Account: 132713600467
              Account Balance: 1170.066525
              Requested SUs:   1
  Requested SUs is based on CPU only and does not include SU charges for
  requested GPUs. A negative balance is possible if the difference is
  greater than the remaining balance.
Submitted batch job 9322398
(from job_submit) your job is charged as below
              Project Account: 132713600467
              Account Balance: 1196.066525
              Requested SUs:   1
  Requested SUs is based on CPU only and does not include SU charges for
  requested GPUs. A negative balance is possible if the difference is
  greater than the remaining balance.
Submitted batch job 9322399
(from job_submit) your job is charged as below
              Project Account: 132713600467
              Account Balance: 1196.066525
              Requested SUs:   1
  Requested SUs is based on CPU only and does not include SU charges for
  requested GPUs. A negative balance is possible if the difference is
  greater than the remaining balance.
Submitted batch job 9322400
(from job_submit) your job is charged as below
              Project Account: 132713600467
              Account Balance: 1196.066525
              Requested SUs:   1
  Requested SUs is based on CPU only and does not include SU charges for
  requested GPUs. A negative balance is possible if the difference is
  greater than the remaining balance.
Submitted batch job 9322401
(from job_submit) your job is charged as below
              Project Account: 132713600467
              Account Balance: 1196.066525
              Requested SUs:   1
  Requested SUs is based on CPU only and does not include SU charges for
  requested GPUs. A negative balance is possible if the difference is
  greater than the remaining balance.
Submitted batch job 9322402
(from job_submit) your job is charged as below
              Project Account: 132713600467
              Account Balance: 1196.066525
              Requested SUs:   1
  Requested SUs is based on CPU only and does not include SU charges for
  requested GPUs. A negative balance is possible if the difference is
  greater than the remaining balance.
Submitted batch job 9322403
(from job_submit) your job is charged as below
              Project Account: 132713600467
              Account Balance: 1196.066525
              Requested SUs:   1
  Requested SUs is based on CPU only and does not include SU charges for
  requested GPUs. A negative balance is possible if the difference is
  greater than the remaining balance.
Submitted batch job 9322404
(from job_submit) your job is charged as below
              Project Account: 132713600467
              Account Balance: 1196.066525
              Requested SUs:   1
  Requested SUs is based on CPU only and does not include SU charges for
  requested GPUs. A negative balance is possible if the difference is
  greater than the remaining balance.
Submitted batch job 9322405
(from job_submit) your job is charged as below
              Project Account: 132713600467
              Account Balance: 1188.066525
              Requested SUs:   1
  Requested SUs is based on CPU only and does not include SU charges for
  requested GPUs. A negative balance is possible if the difference is
  greater than the remaining balance.
Submitted batch job 9322406
(from job_submit) your job is charged as below
              Project Account: 132713600467
              Account Balance: 1188.066525
              Requested SUs:   1
  Requested SUs is based on CPU only and does not include SU charges for
  requested GPUs. A negative balance is possible if the difference is
  greater than the remaining balance.
Submitted batch job 9322407
(from job_submit) your job is charged as below
              Project Account: 132713600467
              Account Balance: 1188.066525
              Requested SUs:   1
  Requested SUs is based on CPU only and does not include SU charges for
  requested GPUs. A negative balance is possible if the difference is
  greater than the remaining balance.
Submitted batch job 9322408
(from job_submit) your job is charged as below
              Project Account: 132713600467
              Account Balance: 1188.066525
              Requested SUs:   1
  Requested SUs is based on CPU only and does not include SU charges for
  requested GPUs. A negative balance is possible if the difference is
  greater than the remaining balance.
Submitted batch job 9322409
(from job_submit) your job is charged as below
              Project Account: 132713600467
              Account Balance: 1188.066525
              Requested SUs:   1
  Requested SUs is based on CPU only and does not include SU charges for
  requested GPUs. A negative balance is possible if the difference is
  greater than the remaining balance.
Submitted batch job 9322410
(from job_submit) your job is charged as below
              Project Account: 132713600467
              Account Balance: 1188.066525
              Requested SUs:   1
  Requested SUs is based on CPU only and does not include SU charges for
  requested GPUs. A negative balance is possible if the difference is
  greater than the remaining balance.
Submitted batch job 9322411
(from job_submit) your job is charged as below
              Project Account: 132713600467
              Account Balance: 1188.066525
              Requested SUs:   1
  Requested SUs is based on CPU only and does not include SU charges for
  requested GPUs. A negative balance is possible if the difference is
  greater than the remaining balance.
Submitted batch job 9322412
(from job_submit) your job is charged as below
              Project Account: 132713600467
              Account Balance: 1188.066525
              Requested SUs:   1
  Requested SUs is based on CPU only and does not include SU charges for
  requested GPUs. A negative balance is possible if the difference is
  greater than the remaining balance.
Submitted batch job 9322413
(from job_submit) your job is charged as below
              Project Account: 132713600467
              Account Balance: 1181.066525
              Requested SUs:   1
  Requested SUs is based on CPU only and does not include SU charges for
  requested GPUs. A negative balance is possible if the difference is
  greater than the remaining balance.
Submitted batch job 9322414
(from job_submit) your job is charged as below
              Project Account: 132713600467
              Account Balance: 1181.066525
              Requested SUs:   1
  Requested SUs is based on CPU only and does not include SU charges for
  requested GPUs. A negative balance is possible if the difference is
  greater than the remaining balance.
Submitted batch job 9322415
(from job_submit) your job is charged as below
              Project Account: 132713600467
              Account Balance: 1181.066525
              Requested SUs:   1
  Requested SUs is based on CPU only and does not include SU charges for
  requested GPUs. A negative balance is possible if the difference is
  greater than the remaining balance.
Submitted batch job 9322416
(from job_submit) your job is charged as below
              Project Account: 132713600467
              Account Balance: 1181.066525
              Requested SUs:   1
  Requested SUs is based on CPU only and does not include SU charges for
  requested GPUs. A negative balance is possible if the difference is
  greater than the remaining balance.
Submitted batch job 9322417
(from job_submit) your job is charged as below
              Project Account: 132713600467
              Account Balance: 1181.066525
              Requested SUs:   1
  Requested SUs is based on CPU only and does not include SU charges for
  requested GPUs. A negative balance is possible if the difference is
  greater than the remaining balance.
Submitted batch job 9322418
(from job_submit) your job is charged as below
              Project Account: 132713600467
              Account Balance: 1181.066525
              Requested SUs:   1
  Requested SUs is based on CPU only and does not include SU charges for
  requested GPUs. A negative balance is possible if the difference is
  greater than the remaining balance.
Submitted batch job 9322419
(from job_submit) your job is charged as below
              Project Account: 132713600467
              Account Balance: 1181.066525
              Requested SUs:   1
  Requested SUs is based on CPU only and does not include SU charges for
  requested GPUs. A negative balance is possible if the difference is
  greater than the remaining balance.
Submitted batch job 9322420
(from job_submit) your job is charged as below
              Project Account: 132713600467
              Account Balance: 1173.066525
              Requested SUs:   1
  Requested SUs is based on CPU only and does not include SU charges for
  requested GPUs. A negative balance is possible if the difference is
  greater than the remaining balance.
