[bstrap:0:-1@c439.cluster] check_exit_codes (../../../../../src/pm/i_hydra/libhydra/demux/hydra_demux_poll.c:117): unable to run bstrap_proxy on c546 (pid 137966, exit code 49152)
[bstrap:0:-1@c439.cluster] poll_for_event (../../../../../src/pm/i_hydra/libhydra/demux/hydra_demux_poll.c:159): check exit codes error
[bstrap:0:-1@c439.cluster] HYD_dmx_poll_wait_for_proxy_event (../../../../../src/pm/i_hydra/libhydra/demux/hydra_demux_poll.c:212): poll for event error
[bstrap:0:-1@c439.cluster] HYD_bstrap_setup (../../../../../src/pm/i_hydra/libhydra/bstrap/src/intel/i_hydra_bstrap.c:772): error waiting for event
[bstrap:0:-1@c439.cluster] upstream_cb (../../../../../src/pm/i_hydra/libhydra/bstrap/src/hydra_bstrap_proxy.c:345): error setting up the bstrap proxies
[bstrap:0:-1@c439.cluster] HYDI_dmx_poll_wait_for_event (../../../../../src/pm/i_hydra/libhydra/demux/hydra_demux_poll.c:80): callback returned error status
srun: error: c439: task 3: Exited with exit code 5
[bstrap:0:-1@c439.cluster] main (../../../../../src/pm/i_hydra/libhydra/bstrap/src/hydra_bstrap_proxy.c:594): error sending proxy ID upstream
srun: Job step aborted: Waiting up to 32 seconds for job step to finish.
srun: Job step aborted: Waiting up to 32 seconds for job step to finish.
srun: Job step aborted: Waiting up to 32 seconds for job step to finish.
slurmstepd: error: *** STEP 9326609.3 ON c435 CANCELLED AT 2023-11-17T20:47:27 DUE TO TIME LIMIT ***
slurmstepd: error: *** STEP 9326609.9 ON c438 CANCELLED AT 2023-11-17T20:47:27 DUE TO TIME LIMIT ***
slurmstepd: error: *** STEP 9326609.2 ON c433 CANCELLED AT 2023-11-17T20:47:27 DUE TO TIME LIMIT ***
slurmstepd: error: *** STEP 9326609.0 ON c432 CANCELLED AT 2023-11-17T20:47:27 DUE TO TIME LIMIT ***
srun: Job step aborted: Waiting up to 32 seconds for job step to finish.
srun: Job step aborted: Waiting up to 32 seconds for job step to finish.
srun: Job step aborted: Waiting up to 32 seconds for job step to finish.
slurmstepd: error: *** JOB 9326609 ON c432 CANCELLED AT 2023-11-17T20:47:27 DUE TO TIME LIMIT ***
srun: Job step aborted: Waiting up to 32 seconds for job step to finish.
srun: Job step aborted: Waiting up to 32 seconds for job step to finish.
srun: Job step aborted: Waiting up to 32 seconds for job step to finish.
srun: Job step aborted: Waiting up to 32 seconds for job step to finish.
srun: Job step aborted: Waiting up to 32 seconds for job step to finish.
srun: Job step aborted: Waiting up to 32 seconds for job step to finish.
srun: Job step aborted: Waiting up to 32 seconds for job step to finish.
srun: Job step aborted: Waiting up to 32 seconds for job step to finish.
srun: Job step aborted: Waiting up to 32 seconds for job step to finish.
slurmstepd: error: *** STEP 9326609.1 ON c551 CANCELLED AT 2023-11-17T20:47:27 DUE TO TIME LIMIT ***
slurmstepd: error: *** STEP 9326609.12 ON c549 CANCELLED AT 2023-11-17T20:47:27 DUE TO TIME LIMIT ***
slurmstepd: error: *** STEP 9326609.4 ON c555 CANCELLED AT 2023-11-17T20:47:27 DUE TO TIME LIMIT ***
slurmstepd: error: *** STEP 9326609.10 ON c604 CANCELLED AT 2023-11-17T20:47:27 DUE TO TIME LIMIT ***
slurmstepd: error: *** STEP 9326609.5 ON c612 CANCELLED AT 2023-11-17T20:47:27 DUE TO TIME LIMIT ***

===================================================================================
=   BAD TERMINATION OF ONE OF YOUR APPLICATION PROCESSES
=   RANK 512 PID 104974 RUNNING AT c556
=   KILLED BY SIGNAL: 15 (Terminated)
===================================================================================

===================================================================================
=   BAD TERMINATION OF ONE OF YOUR APPLICATION PROCESSES
=   RANK 513 PID 104975 RUNNING AT c556
=   KILLED BY SIGNAL: 15 (Terminated)
===================================================================================

===================================================================================
=   BAD TERMINATION OF ONE OF YOUR APPLICATION PROCESSES
=   RANK 514 PID 104976 RUNNING AT c556
=   KILLED BY SIGNAL: 15 (Terminated)
===================================================================================
slurmstepd: error: *** STEP 9326609.15 ON c558 CANCELLED AT 2023-11-17T20:47:27 DUE TO TIME LIMIT ***

===================================================================================
=   BAD TERMINATION OF ONE OF YOUR APPLICATION PROCESSES
=   RANK 515 PID 104977 RUNNING AT c556
=   KILLED BY SIGNAL: 15 (Terminated)
===================================================================================

===================================================================================
=   BAD TERMINATION OF ONE OF YOUR APPLICATION PROCESSES
=   RANK 516 PID 104978 RUNNING AT c556
=   KILLED BY SIGNAL: 15 (Terminated)
===================================================================================

===================================================================================
=   BAD TERMINATION OF ONE OF YOUR APPLICATION PROCESSES
=   RANK 517 PID 104979 RUNNING AT c556
=   KILLED BY SIGNAL: 15 (Terminated)
===================================================================================

===================================================================================
=   BAD TERMINATION OF ONE OF YOUR APPLICATION PROCESSES
=   RANK 518 PID 104980 RUNNING AT c556
=   KILLED BY SIGNAL: 15 (Terminated)
===================================================================================

===================================================================================
=   BAD TERMINATION OF ONE OF YOUR APPLICATION PROCESSES
=   RANK 519 PID 104981 RUNNING AT c556
=   KILLED BY SIGNAL: 15 (Terminated)
===================================================================================

===================================================================================
=   BAD TERMINATION OF ONE OF YOUR APPLICATION PROCESSES
=   RANK 520 PID 104982 RUNNING AT c556
=   KILLED BY SIGNAL: 15 (Terminated)
===================================================================================

===================================================================================
=   BAD TERMINATION OF ONE OF YOUR APPLICATION PROCESSES
=   RANK 521 PID 104983 RUNNING AT c556
=   KILLED BY SIGNAL: 15 (Terminated)
===================================================================================

===================================================================================
=   BAD TERMINATION OF ONE OF YOUR APPLICATION PROCESSES
=   RANK 522 PID 104984 RUNNING AT c556
=   KILLED BY SIGNAL: 15 (Terminated)
===================================================================================

===================================================================================
=   BAD TERMINATION OF ONE OF YOUR APPLICATION PROCESSES
=   RANK 523 PID 104985 RUNNING AT c556
=   KILLED BY SIGNAL: 15 (Terminated)
===================================================================================

===================================================================================
=   BAD TERMINATION OF ONE OF YOUR APPLICATION PROCESSES
=   RANK 524 PID 104986 RUNNING AT c556
=   KILLED BY SIGNAL: 15 (Terminated)
===================================================================================

===================================================================================
=   BAD TERMINATION OF ONE OF YOUR APPLICATION PROCESSES
=   RANK 525 PID 104987 RUNNING AT c556
=   KILLED BY SIGNAL: 15 (Terminated)
===================================================================================

===================================================================================
=   BAD TERMINATION OF ONE OF YOUR APPLICATION PROCESSES
=   RANK 526 PID 104988 RUNNING AT c556
=   KILLED BY SIGNAL: 15 (Terminated)
===================================================================================

===================================================================================
=   BAD TERMINATION OF ONE OF YOUR APPLICATION PROCESSES
=   RANK 527 PID 104989 RUNNING AT c556
=   KILLED BY SIGNAL: 15 (Terminated)
===================================================================================

===================================================================================
=   BAD TERMINATION OF ONE OF YOUR APPLICATION PROCESSES
=   RANK 320 PID 113958 RUNNING AT c550
=   KILLED BY SIGNAL: 15 (Terminated)
===================================================================================

===================================================================================
=   BAD TERMINATION OF ONE OF YOUR APPLICATION PROCESSES
=   RANK 321 PID 113959 RUNNING AT c550
=   KILLED BY SIGNAL: 15 (Terminated)
===================================================================================

===================================================================================
=   BAD TERMINATION OF ONE OF YOUR APPLICATION PROCESSES
=   RANK 322 PID 113960 RUNNING AT c550
=   KILLED BY SIGNAL: 15 (Terminated)
===================================================================================

===================================================================================

===================================================================================
=   BAD TERMINATION OF ONE OF YOUR APPLICATION PROCESSES
=   RANK 528 PID 104990 RUNNING AT c556
=   KILLED BY SIGNAL: 15 (Terminated)
===================================================================================
=   BAD TERMINATION OF ONE OF YOUR APPLICATION PROCESSES
=   RANK 323 PID 113962 RUNNING AT c550
=   KILLED BY SIGNAL: 15 (Terminated)
===================================================================================

===================================================================================
=   BAD TERMINATION OF ONE OF YOUR APPLICATION PROCESSES
=   RANK 324 PID 113963 RUNNING AT c550
=   KILLED BY SIGNAL: 15 (Terminated)
===================================================================================

===================================================================================
=   BAD TERMINATION OF ONE OF YOUR APPLICATION PROCESSES
=   RANK 325 PID 113964 RUNNING AT c550
=   KILLED BY SIGNAL: 15 (Terminated)
===================================================================================

===================================================================================
=   BAD TERMINATION OF ONE OF YOUR APPLICATION PROCESSES
=   RANK 326 PID 113965 RUNNING AT c550
=   KILLED BY SIGNAL: 15 (Terminated)
===================================================================================

===================================================================================
=   BAD TERMINATION OF ONE OF YOUR APPLICATION PROCESSES
=   RANK 327 PID 113966 RUNNING AT c550
=   KILLED BY SIGNAL: 15 (Terminated)

===================================================================================
=   BAD TERMINATION OF ONE OF YOUR APPLICATION PROCESSES
=   RANK 529 PID 104991 RUNNING AT c556
=   KILLED BY SIGNAL: 15 (Terminated)
===================================================================================
===================================================================================

===================================================================================
=   BAD TERMINATION OF ONE OF YOUR APPLICATION PROCESSES
=   RANK 328 PID 113967 RUNNING AT c550
=   KILLED BY SIGNAL: 15 (Terminated)
===================================================================================

===================================================================================
=   BAD TERMINATION OF ONE OF YOUR APPLICATION PROCESSES

===================================================================================
=   BAD TERMINATION OF ONE OF YOUR APPLICATION PROCESSES
=   RANK 329 PID 113968 RUNNING AT c550
=   KILLED BY SIGNAL: 15 (Terminated)
===================================================================================
=   RANK 530 PID 104992 RUNNING AT c556
=   KILLED BY SIGNAL: 15 (Terminated)
===================================================================================

===================================================================================
=   BAD TERMINATION OF ONE OF YOUR APPLICATION PROCESSES
=   RANK 330 PID 113969 RUNNING AT c550
=   KILLED BY SIGNAL: 15 (Terminated)

===================================================================================
=   BAD TERMINATION OF ONE OF YOUR APPLICATION PROCESSES
===================================================================================
=   RANK 531 PID 104993 RUNNING AT c556
=   KILLED BY SIGNAL: 15 (Terminated)
===================================================================================

===================================================================================

===================================================================================
=   BAD TERMINATION OF ONE OF YOUR APPLICATION PROCESSES
=   RANK 448 PID 99177 RUNNING AT c554

===================================================================================
=   BAD TERMINATION OF ONE OF YOUR APPLICATION PROCESSES
=   RANK 532 PID 104994 RUNNING AT c556
=   KILLED BY SIGNAL: 15 (Terminated)
===================================================================================
=   BAD TERMINATION OF ONE OF YOUR APPLICATION PROCESSES
=   RANK 331 PID 113970 RUNNING AT c550
=   KILLED BY SIGNAL: 15 (Terminated)
===================================================================================
slurmstepd: error: *** STEP 9326609.8 ON c615 CANCELLED AT 2023-11-17T20:47:27 DUE TO TIME LIMIT ***

===================================================================================
=   BAD TERMINATION OF ONE OF YOUR APPLICATION PROCESSES

===================================================================================
=   BAD TERMINATION OF ONE OF YOUR APPLICATION PROCESSES
=   RANK 332 PID 113971 RUNNING AT c550
=   KILLED BY SIGNAL: 15 (Terminated)
===================================================================================
=   RANK 533 PID 104995 RUNNING AT c556
=   KILLED BY SIGNAL: 15 (Terminated)
===================================================================================

===================================================================================
=   BAD TERMINATION OF ONE OF YOUR APPLICATION PROCESSES
=   RANK 333 PID 113972 RUNNING AT c550
=   KILLED BY SIGNAL: 15 (Terminated)
===================================================================================

===================================================================================
=   BAD TERMINATION OF ONE OF YOUR APPLICATION PROCESSES

===================================================================================
=   BAD TERMINATION OF ONE OF YOUR APPLICATION PROCESSES
=   RANK 534 PID 104996 RUNNING AT c556
=   KILLED BY SIGNAL: 15 (Terminated)
===================================================================================
=   RANK 334 PID 113973 RUNNING AT c550
=   KILLED BY SIGNAL: 15 (Terminated)
===================================================================================

===================================================================================
=   BAD TERMINATION OF ONE OF YOUR APPLICATION PROCESSES

===================================================================================
=   BAD TERMINATION OF ONE OF YOUR APPLICATION PROCESSES
=   RANK 335 PID 113974 RUNNING AT c550
=   KILLED BY SIGNAL: 15 (Terminated)
===================================================================================
=   RANK 535 PID 104997 RUNNING AT c556
=   KILLED BY SIGNAL: 15 (Terminated)
===================================================================================

===================================================================================
=   KILLED BY SIGNAL: 15 (Terminated)
===================================================================================

===================================================================================
=   BAD TERMINATION OF ONE OF YOUR APPLICATION PROCESSES

===================================================================================
=   BAD TERMINATION OF ONE OF YOUR APPLICATION PROCESSES
=   BAD TERMINATION OF ONE OF YOUR APPLICATION PROCESSES
=   RANK 336 PID 113975 RUNNING AT c550
=   KILLED BY SIGNAL: 15 (Terminated)
===================================================================================
=   RANK 449 PID 99178 RUNNING AT c554
=   KILLED BY SIGNAL: 15 (Terminated)
===================================================================================
=   RANK 536 PID 104998 RUNNING AT c556
=   KILLED BY SIGNAL: 15 (Terminated)
===================================================================================

===================================================================================
=   BAD TERMINATION OF ONE OF YOUR APPLICATION PROCESSES
=   RANK 337 PID 113976 RUNNING AT c550
=   KILLED BY SIGNAL: 15 (Terminated)
===================================================================================

===================================================================================

===================================================================================
=   BAD TERMINATION OF ONE OF YOUR APPLICATION PROCESSES
=   RANK 537 PID 104999 RUNNING AT c556
=   KILLED BY SIGNAL: 15 (Terminated)
===================================================================================

===================================================================================
=   BAD TERMINATION OF ONE OF YOUR APPLICATION PROCESSES
=   RANK 338 PID 113977 RUNNING AT c550
=   KILLED BY SIGNAL: 15 (Terminated)
=   BAD TERMINATION OF ONE OF YOUR APPLICATION PROCESSES
=   RANK 450 PID 99179 RUNNING AT c554
=   KILLED BY SIGNAL: 15 (Terminated)
slurmstepd: error: *** STEP 9326609.7 ON c560 CANCELLED AT 2023-11-17T20:47:27 DUE TO TIME LIMIT ***

===================================================================================
=   BAD TERMINATION OF ONE OF YOUR APPLICATION PROCESSES

===================================================================================
=   BAD TERMINATION OF ONE OF YOUR APPLICATION PROCESSES
=   RANK 960 PID 96828 RUNNING AT c614
===================================================================================

slurmstepd: error: *** STEP 9326609.11 ON c553 CANCELLED AT 2023-11-17T20:47:27 DUE TO TIME LIMIT ***
===================================================================================
=   RANK 538 PID 105000 RUNNING AT c556
=   KILLED BY SIGNAL: 15 (Terminated)
===================================================================================
=   KILLED BY SIGNAL: 15 (Terminated)
===================================================================================
===================================================================================
=   BAD TERMINATION OF ONE OF YOUR APPLICATION PROCESSES
=   RANK 339 PID 113978 RUNNING AT c550
=   KILLED BY SIGNAL: 15 (Terminated)
===================================================================================

===================================================================================
=   BAD TERMINATION OF ONE OF YOUR APPLICATION PROCESSES
=   RANK 451 PID 99180 RUNNING AT c554

===================================================================================
=   BAD TERMINATION OF ONE OF YOUR APPLICATION PROCESSES

===================================================================================
=   BAD TERMINATION OF ONE OF YOUR APPLICATION PROCESSES
=   RANK 961 PID 96829 RUNNING AT c614
=   KILLED BY SIGNAL: 15 (Terminated)
===================================================================================
[mpiexec@c432.cluster] HYD_sock_write (../../../../../src/pm/i_hydra/libhydra/sock/hydra_sock_intel.c:360): write error (Bad file descriptor)

===================================================================================
=   BAD TERMINATION OF ONE OF YOUR APPLICATION PROCESSES
=   RANK 340 PID 113979 RUNNING AT c550
=   KILLED BY SIGNAL: 15 (Terminated)
===================================================================================
=   KILLED BY SIGNAL: 15 (Terminated)
===================================================================================
=   RANK 539 PID 105001 RUNNING AT c556
=   KILLED BY SIGNAL: 15 (Terminated)

===================================================================================

===================================================================================
=   BAD TERMINATION OF ONE OF YOUR APPLICATION PROCESSES
=   RANK 341 PID 113980 RUNNING AT c550

===================================================================================
=   BAD TERMINATION OF ONE OF YOUR APPLICATION PROCESSES
===================================================================================
=   BAD TERMINATION OF ONE OF YOUR APPLICATION PROCESSES
=   RANK 962 PID 96830 RUNNING AT c614
=   KILLED BY SIGNAL: 15 (Terminated)
===================================================================================
=   KILLED BY SIGNAL: 15 (Terminated)
===================================================================================
=   RANK 452 PID 99181 RUNNING AT c554
=   KILLED BY SIGNAL: 15 (Terminated)
[mpiexec@c432.cluster] HYD_sock_write (../../../../../src/pm/i_hydra/libhydra/sock/hydra_sock_intel.c:360): write error (Bad file descriptor)
===================================================================================

===================================================================================
=   BAD TERMINATION OF ONE OF YOUR APPLICATION PROCESSES

===================================================================================

===================================================================================
=   BAD TERMINATION OF ONE OF YOUR APPLICATION PROCESSES
=   RANK 342 PID 113981 RUNNING AT c550
=   KILLED BY SIGNAL: 15 (Terminated)
