Filling array with option:1
Process #3 of 4 on c265.cluster took 0.000025 seconds 
Get local_time	PROC:3
MPI_Reduce		PROC:3
Process #2 of 4 on c265.cluster took 0.000039 seconds 
Get local_time	PROC:2
MPI_Reduce		PROC:2
Process #1 of 4 on c265.cluster took 0.000023 seconds 
Get local_time	PROC:1
MPI_Reduce		PROC:1
Process #0 of 4 on c265.cluster took 0.036331 seconds 
Get local_time	PROC:0
MPI_Reduce		PROC:0
Sorting 8 integers took 0.036477 seconds 
SORTED
delete[] localArray	PROC:0
Finished run()	PROC:0
delete[] localArray	PROC:1
Finished run()	PROC:1
delete[] localArray	PROC:2
Finished run()	PROC:2
delete[] localArray	PROC:3
Finished run()	PROC:3
srun: Job step aborted: Waiting up to 32 seconds for job step to finish.
slurmstepd: error: *** STEP 9251315.0 ON c265 CANCELLED AT 2023-11-14T18:25:29 DUE TO TIME LIMIT ***
slurmstepd: error: *** JOB 9251315 ON c265 CANCELLED AT 2023-11-14T18:25:29 DUE TO TIME LIMIT ***
