Filling array with option:1
Process #0 of 4 on c277.cluster took 0.000003 seconds 
Process #1 of 4 on c277.cluster took 0.000006 seconds 
Get local_time	PROC:1
MPI_Reduce		PROC:1
Process #3 of 4 on c277.cluster took 0.000004 seconds 
Get local_time	PROC:3
MPI_Reduce		PROC:3
Process #2 of 4 on c277.cluster took 0.000005 seconds 
Get local_time	PROC:2
MPI_Reduce		PROC:2
Get local_time	PROC:0
MPI_Reduce		PROC:0
Sorting 8 integers took 0.015979 seconds 
NOT SORTED
FAILED SORTED ARRAY
{ -425347128, 0, 0, -425347128, 3, 6, 10991, 10991,}
delete[] localArray	PROC:0
Finished run()	PROC:0
delete[] localArray	PROC:3
Finished run()	PROC:3
delete[] localArray	PROC:1
Finished run()	PROC:1
delete[] localArray	PROC:2
Finished run()	PROC:2
slurmstepd: error: *** STEP 9299792.0 ON c277 CANCELLED AT 2023-11-15T14:59:58 DUE TO TIME LIMIT ***
srun: Job step aborted: Waiting up to 32 seconds for job step to finish.
slurmstepd: error: *** JOB 9299792 ON c277 CANCELLED AT 2023-11-15T14:59:58 DUE TO TIME LIMIT ***
