Filling array with option:1
Process #0 of 4 on c117.cluster took 0.000000 seconds 
Process #3 of 4 on c117.cluster took 0.000000 seconds 
Get local_time	PROC:3
Process #1 of 4 on c117.cluster took 0.000000 seconds 
MPI_Reduce		PROC:3
delete[] localArray	PROC:3
Finished run()	PROC:3
Get local_time	PROC:1
MPI_Reduce		PROC:1
delete[] localArray	PROC:1
Finished run()	PROC:1
Process #2 of 4 on c117.cluster took 0.000000 seconds 
Get local_time	PROC:2
MPI_Reduce		PROC:2
delete[] localArray	PROC:2
Finished run()	PROC:2
Get local_time	PROC:0
MPI_Reduce		PROC:0
Sorting 8 integers took 0.000000 seconds 
NOT SORTED
FAILED SORTED ARRAY
{ -1200318520, 0, 0, -1200318520, 3, 6, 11014, 11014,}
delete[] localArray	PROC:0
Finished run()	PROC:0
srun: Job step aborted: Waiting up to 32 seconds for job step to finish.
slurmstepd: error: *** STEP 9305482.0 ON c117 CANCELLED AT 2023-11-15T17:44:05 DUE TO TIME LIMIT ***
slurmstepd: error: *** JOB 9305482 ON c117 CANCELLED AT 2023-11-15T17:44:05 DUE TO TIME LIMIT ***
