Submitted batch job 9326571
(from job_submit) your job is charged as below
              Project Account: 132713603932
              Account Balance: 5000.000000
              Requested SUs:   85.333333333333
Submitted batch job 9326572
(from job_submit) your job is charged as below
              Project Account: 132713603932
              Account Balance: 5000.000000
              Requested SUs:   85.333333333333
Submitted batch job 9326573
(from job_submit) your job is charged as below
              Project Account: 132713603932
              Account Balance: 5000.000000
              Requested SUs:   85.333333333333
Submitted batch job 9326574
(from job_submit) your job is charged as below
              Project Account: 132713603932
              Account Balance: 4744.000000
              Requested SUs:   85.333333333333
Submitted batch job 9326575
(from job_submit) your job is charged as below
              Project Account: 132713603932
              Account Balance: 4744.000000
              Requested SUs:   85.333333333333
Submitted batch job 9326576
(from job_submit) your job is charged as below
              Project Account: 132713603932
              Account Balance: 4744.000000
              Requested SUs:   85.333333333333
Submitted batch job 9326577
(from job_submit) your job is charged as below
              Project Account: 132713603932
              Account Balance: 4744.000000
              Requested SUs:   85.333333333333
Submitted batch job 9326578
(from job_submit) your job is charged as below
              Project Account: 132713603932
              Account Balance: 4744.000000
              Requested SUs:   85.333333333333
Submitted batch job 9326579
(from job_submit) your job is charged as below
              Project Account: 132713603932
              Account Balance: 4744.000000
              Requested SUs:   85.333333333333
Submitted batch job 9326580
(from job_submit) your job is charged as below
              Project Account: 132713603932
              Account Balance: 4744.000000
              Requested SUs:   85.333333333333
Submitted batch job 9326581
(from job_submit) your job is charged as below
              Project Account: 132713603932
              Account Balance: 4146.666748
              Requested SUs:   85.333333333333
Submitted batch job 9326582
(from job_submit) your job is charged as below
              Project Account: 132713603932
              Account Balance: 4146.666748
              Requested SUs:   85.333333333333
Submitted batch job 9326583
(from job_submit) your job is charged as below
              Project Account: 132713603932
              Account Balance: 4146.666748
              Requested SUs:   85.333333333333
Submitted batch job 9326584
(from job_submit) your job is charged as below
              Project Account: 132713603932
              Account Balance: 4146.666748
              Requested SUs:   85.333333333333
Submitted batch job 9326585
(from job_submit) your job is charged as below
              Project Account: 132713603932
              Account Balance: 4146.666748
              Requested SUs:   85.333333333333
Submitted batch job 9326586
(from job_submit) your job is charged as below
              Project Account: 132713603932
              Account Balance: 4146.666748
              Requested SUs:   85.333333333333
Submitted batch job 9326587
(from job_submit) your job is charged as below
              Project Account: 132713603932
              Account Balance: 4146.666748
              Requested SUs:   85.333333333333
Submitted batch job 9326588
(from job_submit) your job is charged as below
              Project Account: 132713603932
              Account Balance: 4146.666748
              Requested SUs:   85.333333333333
Submitted batch job 9326589
(from job_submit) your job is charged as below
              Project Account: 132713603932
              Account Balance: 3549.333252
              Requested SUs:   85.333333333333
Submitted batch job 9326590
(from job_submit) your job is charged as below
              Project Account: 132713603932
              Account Balance: 3549.333252
              Requested SUs:   85.333333333333
Submitted batch job 9326591
(from job_submit) your job is charged as below
              Project Account: 132713603932
              Account Balance: 3549.333252
              Requested SUs:   85.333333333333
Submitted batch job 9326592
(from job_submit) your job is charged as below
              Project Account: 132713603932
              Account Balance: 3549.333252
              Requested SUs:   85.333333333333
Submitted batch job 9326593
(from job_submit) your job is charged as below
              Project Account: 132713603932
              Account Balance: 3549.333252
              Requested SUs:   85.333333333333
Submitted batch job 9326594
(from job_submit) your job is charged as below
              Project Account: 132713603932
              Account Balance: 3549.333252
              Requested SUs:   85.333333333333
Submitted batch job 9326595
(from job_submit) your job is charged as below
              Project Account: 132713603932
              Account Balance: 3549.333252
              Requested SUs:   85.333333333333
Submitted batch job 9326596
(from job_submit) your job is charged as below
              Project Account: 132713603932
              Account Balance: 2866.666504
              Requested SUs:   85.333333333333
Submitted batch job 9326597
(from job_submit) your job is charged as below
              Project Account: 132713603932
              Account Balance: 2866.666504
              Requested SUs:   85.333333333333
Submitted batch job 9326598
(from job_submit) your job is charged as below
              Project Account: 132713603932
              Account Balance: 2866.666504
              Requested SUs:   85.333333333333
Submitted batch job 9326599
(from job_submit) your job is charged as below
              Project Account: 132713603932
              Account Balance: 2610.666748
              Requested SUs:   170.66666666667
Submitted batch job 9326600
(from job_submit) your job is charged as below
              Project Account: 132713603932
              Account Balance: 2610.666748
              Requested SUs:   170.66666666667
Submitted batch job 9326601
(from job_submit) your job is charged as below
              Project Account: 132713603932
              Account Balance: 2610.666748
              Requested SUs:   170.66666666667
Submitted batch job 9326602
(from job_submit) your job is charged as below
              Project Account: 132713603932
              Account Balance: 2610.666748
              Requested SUs:   170.66666666667
Submitted batch job 9326603
(from job_submit) your job is charged as below
              Project Account: 132713603932
              Account Balance: 2610.666748
              Requested SUs:   170.66666666667
Submitted batch job 9326604
(from job_submit) your job is charged as below
              Project Account: 132713603932
              Account Balance: 2610.666748
              Requested SUs:   170.66666666667
Submitted batch job 9326605
(from job_submit) your job is charged as below
              Project Account: 132713603932
              Account Balance: 2610.666748
              Requested SUs:   170.66666666667
Submitted batch job 9326606
(from job_submit) your job is charged as below
              Project Account: 132713603932
              Account Balance: 2610.666748
              Requested SUs:   170.66666666667
Submitted batch job 9326607
(from job_submit) your job is charged as below
              Project Account: 132713603932
              Account Balance: 1415.999512
              Requested SUs:   170.66666666667
Submitted batch job 9326608
(from job_submit) your job is charged as below
              Project Account: 132713603932
              Account Balance: 1415.999512
              Requested SUs:   170.66666666667
Submitted batch job 9326609
(from job_submit) your job is charged as below
              Project Account: 132713603932
              Account Balance: 1415.999512
              Requested SUs:   170.66666666667
Submitted batch job 9326610
(from job_submit) your job is charged as below
              Project Account: 132713603932
              Account Balance: 1415.999512
              Requested SUs:   170.66666666667
Submitted batch job 9326611
(from job_submit) your job is charged as below
              Project Account: 132713603932
              Account Balance: 1415.999512
              Requested SUs:   170.66666666667
Submitted batch job 9326612
(from job_submit) your job is charged as below
              Project Account: 132713603932
              Account Balance: 1415.999512
              Requested SUs:   170.66666666667
Submitted batch job 9326613
(from job_submit) your job is charged as below
              Project Account: 132713603932
              Account Balance: 1415.999512
              Requested SUs:   170.66666666667









Submitted batch job 9326761
(from job_submit) your job is charged as below
              Project Account: 132713603932
              Account Balance: 4554.702202
              Requested SUs:   5.3333333333333
Submitted batch job 9326762
(from job_submit) your job is charged as below
              Project Account: 132713603932
              Account Balance: 4554.702202
              Requested SUs:   5.3333333333333
Submitted batch job 9326763
(from job_submit) your job is charged as below
              Project Account: 132713603932
              Account Balance: 4554.702202
              Requested SUs:   5.3333333333333
Submitted batch job 9326764
(from job_submit) your job is charged as below
              Project Account: 132713603932
              Account Balance: 4554.702202
              Requested SUs:   5.3333333333333
Submitted batch job 9326765
(from job_submit) your job is charged as below
              Project Account: 132713603932
              Account Balance: 4554.702202
              Requested SUs:   5.3333333333333
Submitted batch job 9326766
(from job_submit) your job is charged as below
              Project Account: 132713603932
              Account Balance: 4528.035534
              Requested SUs:   5.3333333333333
Submitted batch job 9326767
(from job_submit) your job is charged as below
              Project Account: 132713603932
              Account Balance: 4528.035534
              Requested SUs:   5.3333333333333
Submitted batch job 9326768
(from job_submit) your job is charged as below
              Project Account: 132713603932
              Account Balance: 4528.035534
              Requested SUs:   5.3333333333333
Submitted batch job 9326769
(from job_submit) your job is charged as below
              Project Account: 132713603932
              Account Balance: 4528.035534
              Requested SUs:   5.3333333333333
Submitted batch job 9326770
(from job_submit) your job is charged as below
              Project Account: 132713603932
              Account Balance: 4528.035534
              Requested SUs:   5.3333333333333
Submitted batch job 9326771
(from job_submit) your job is charged as below
              Project Account: 132713603932
              Account Balance: 4528.035534
              Requested SUs:   5.3333333333333
Submitted batch job 9326772
(from job_submit) your job is charged as below
              Project Account: 132713603932
              Account Balance: 4528.035534
              Requested SUs:   5.3333333333333
Submitted batch job 9326773
(from job_submit) your job is charged as below
              Project Account: 132713603932
              Account Balance: 4528.035534
              Requested SUs:   5.3333333333333
Submitted batch job 9326774
(from job_submit) your job is charged as below
              Project Account: 132713603932
              Account Balance: 4490.702210
              Requested SUs:   5.3333333333333
Submitted batch job 9326775
(from job_submit) your job is charged as below
              Project Account: 132713603932
              Account Balance: 4490.702210
              Requested SUs:   5.3333333333333
Submitted batch job 9326776
(from job_submit) your job is charged as below
              Project Account: 132713603932
              Account Balance: 4490.702210
              Requested SUs:   5.3333333333333
Submitted batch job 9326777
(from job_submit) your job is charged as below
              Project Account: 132713603932
              Account Balance: 4490.702210
              Requested SUs:   5.3333333333333
Submitted batch job 9326778
(from job_submit) your job is charged as below
              Project Account: 132713603932
              Account Balance: 4490.702210
              Requested SUs:   5.3333333333333
Submitted batch job 9326779
(from job_submit) your job is charged as below
              Project Account: 132713603932
              Account Balance: 4490.702210
              Requested SUs:   5.3333333333333
Submitted batch job 9326780
(from job_submit) your job is charged as below
              Project Account: 132713603932
              Account Balance: 4490.702210
              Requested SUs:   5.3333333333333
Submitted batch job 9326781
(from job_submit) your job is charged as below
              Project Account: 132713603932
              Account Balance: 4448.035523
              Requested SUs:   5.3333333333333
Submitted batch job 9326782
(from job_submit) your job is charged as below
              Project Account: 132713603932
              Account Balance: 4448.035523
              Requested SUs:   5.3333333333333
Submitted batch job 9326783
(from job_submit) your job is charged as below
              Project Account: 132713603932
              Account Balance: 4448.035523
              Requested SUs:   5.3333333333333
Submitted batch job 9326784
(from job_submit) your job is charged as below
              Project Account: 132713603932
              Account Balance: 4448.035523
              Requested SUs:   5.3333333333333
Submitted batch job 9326785
(from job_submit) your job is charged as below
              Project Account: 132713603932
              Account Balance: 4448.035523
              Requested SUs:   5.3333333333333
Submitted batch job 9326786
(from job_submit) your job is charged as below
              Project Account: 132713603932
              Account Balance: 4448.035523
              Requested SUs:   5.3333333333333
Submitted batch job 9326787
(from job_submit) your job is charged as below
              Project Account: 132713603932
              Account Balance: 4448.035523
              Requested SUs:   5.3333333333333
Submitted batch job 9326788
(from job_submit) your job is charged as below
              Project Account: 132713603932
              Account Balance: 4410.702202
              Requested SUs:   5.3333333333333
Submitted batch job 9326790
(from job_submit) your job is charged as below
              Project Account: 132713603932
              Account Balance: 4442.702187
              Requested SUs:   10.666666666667
Submitted batch job 9326791
(from job_submit) your job is charged as below
              Project Account: 132713603932
              Account Balance: 4442.702187
              Requested SUs:   10.666666666667
Submitted batch job 9326792
(from job_submit) your job is charged as below
              Project Account: 132713603932
              Account Balance: 4442.702187
              Requested SUs:   10.666666666667
Submitted batch job 9326793
(from job_submit) your job is charged as below
              Project Account: 132713603932
              Account Balance: 4442.702187
              Requested SUs:   10.666666666667
Submitted batch job 9326794
(from job_submit) your job is charged as below
              Project Account: 132713603932
              Account Balance: 4442.702187
              Requested SUs:   10.666666666667
Submitted batch job 9326795
(from job_submit) your job is charged as below
              Project Account: 132713603932
              Account Balance: 4442.702187
              Requested SUs:   10.666666666667
Submitted batch job 9326796
(from job_submit) your job is charged as below
              Project Account: 132713603932
              Account Balance: 4378.702171
              Requested SUs:   10.666666666667
Submitted batch job 9326797
(from job_submit) your job is charged as below
              Project Account: 132713603932
              Account Balance: 4378.702171
              Requested SUs:   10.666666666667
Submitted batch job 9326798
(from job_submit) your job is charged as below
              Project Account: 132713603932
              Account Balance: 4378.702171
              Requested SUs:   10.666666666667
Submitted batch job 9326799
(from job_submit) your job is charged as below
              Project Account: 132713603932
              Account Balance: 4378.702171
              Requested SUs:   10.666666666667
Submitted batch job 9326800
(from job_submit) your job is charged as below
              Project Account: 132713603932
              Account Balance: 4378.702171
              Requested SUs:   10.666666666667
Submitted batch job 9326801
(from job_submit) your job is charged as below
              Project Account: 132713603932
              Account Balance: 4378.702171
              Requested SUs:   10.666666666667
Submitted batch job 9326802
(from job_submit) your job is charged as below
              Project Account: 132713603932
              Account Balance: 4378.702171
              Requested SUs:   10.666666666667
Submitted batch job 9326803
(from job_submit) your job is charged as below
              Project Account: 132713603932
              Account Balance: 4378.702171
              Requested SUs:   10.666666666667
Submitted batch job 9326804
(from job_submit) your job is charged as below
              Project Account: 132713603932
              Account Balance: 4293.368797
              Requested SUs:   10.666666666667
Submitted batch job 9326805
(from job_submit) your job is charged as below
              Project Account: 132713603932
              Account Balance: 4293.368797
              Requested SUs:   10.666666666667
Submitted batch job 9326806
(from job_submit) your job is charged as below
              Project Account: 132713603932
              Account Balance: 4293.368797
              Requested SUs:   10.666666666667
Submitted batch job 9326807
(from job_submit) your job is charged as below
              Project Account: 132713603932
              Account Balance: 4293.368797
              Requested SUs:   10.666666666667
Submitted batch job 9326808
(from job_submit) your job is charged as below
              Project Account: 132713603932
              Account Balance: 4293.368797
              Requested SUs:   10.666666666667
Submitted batch job 9326809
(from job_submit) your job is charged as below
              Project Account: 132713603932
              Account Balance: 4293.368797
              Requested SUs:   10.666666666667
Submitted batch job 9326810
(from job_submit) your job is charged as below
              Project Account: 132713603932
              Account Balance: 4293.368797
              Requested SUs:   10.666666666667
Submitted batch job 9326811
(from job_submit) your job is charged as below
              Project Account: 132713603932
              Account Balance: 4218.702202
              Requested SUs:   10.666666666667
Submitted batch job 9326812
(from job_submit) your job is charged as below
              Project Account: 132713603932
              Account Balance: 4218.702202
              Requested SUs:   10.666666666667
Submitted batch job 9326813
(from job_submit) your job is charged as below
              Project Account: 132713603932
              Account Balance: 4218.702202
              Requested SUs:   10.666666666667
Submitted batch job 9326814
(from job_submit) your job is charged as below
              Project Account: 132713603932
              Account Balance: 4218.702202
              Requested SUs:   10.666666666667
Submitted batch job 9326815
(from job_submit) your job is charged as below
              Project Account: 132713603932
              Account Balance: 4218.702202
              Requested SUs:   10.666666666667
Submitted batch job 9326816
(from job_submit) your job is charged as below
              Project Account: 132713603932
              Account Balance: 4218.702202
              Requested SUs:   10.666666666667
Submitted batch job 9326817
(from job_submit) your job is charged as below
              Project Account: 132713603932
              Account Balance: 4218.702202
              Requested SUs:   10.666666666667
Submitted batch job 9326818
(from job_submit) your job is charged as below
              Project Account: 132713603932
              Account Balance: 4250.702202
              Requested SUs:   21.333333333333
Submitted batch job 9326819
(from job_submit) your job is charged as below
              Project Account: 132713603932
              Account Balance: 4250.702202
              Requested SUs:   21.333333333333
Submitted batch job 9326820
(from job_submit) your job is charged as below
              Project Account: 132713603932
              Account Balance: 4250.702202
              Requested SUs:   21.333333333333
Submitted batch job 9326821
(from job_submit) your job is charged as below
              Project Account: 132713603932
              Account Balance: 4250.702202
              Requested SUs:   21.333333333333
Submitted batch job 9326822
(from job_submit) your job is charged as below
              Project Account: 132713603932
              Account Balance: 4250.702202
              Requested SUs:   21.333333333333
Submitted batch job 9326823
(from job_submit) your job is charged as below
              Project Account: 132713603932
              Account Balance: 4250.702202
              Requested SUs:   21.333333333333
Submitted batch job 9326824
(from job_submit) your job is charged as below
              Project Account: 132713603932
              Account Balance: 4250.702202
              Requested SUs:   21.333333333333
Submitted batch job 9326825
(from job_submit) your job is charged as below
              Project Account: 132713603932
              Account Balance: 4309.368904
              Requested SUs:   21.333333333333
Submitted batch job 9326826
(from job_submit) your job is charged as below
              Project Account: 132713603932
              Account Balance: 4309.368904
              Requested SUs:   21.333333333333
Submitted batch job 9326827
(from job_submit) your job is charged as below
              Project Account: 132713603932
              Account Balance: 4309.368904
              Requested SUs:   21.333333333333
Submitted batch job 9326828
(from job_submit) your job is charged as below
              Project Account: 132713603932
              Account Balance: 4309.368904
              Requested SUs:   21.333333333333
Submitted batch job 9326829
(from job_submit) your job is charged as below
              Project Account: 132713603932
              Account Balance: 4309.368904
              Requested SUs:   21.333333333333
Submitted batch job 9326830
(from job_submit) your job is charged as below
              Project Account: 132713603932
              Account Balance: 4309.368904
              Requested SUs:   21.333333333333
Submitted batch job 9326831
(from job_submit) your job is charged as below
              Project Account: 132713603932
              Account Balance: 4309.368904
              Requested SUs:   21.333333333333
Submitted batch job 9326832
(from job_submit) your job is charged as below
              Project Account: 132713603932
              Account Balance: 4309.368904
              Requested SUs:   21.333333333333
Submitted batch job 9326833
(from job_submit) your job is charged as below
              Project Account: 132713603932
              Account Balance: 4138.702171
              Requested SUs:   21.333333333333
Submitted batch job 9326834
(from job_submit) your job is charged as below
              Project Account: 132713603932
              Account Balance: 4138.702171
              Requested SUs:   21.333333333333
Submitted batch job 9326835
(from job_submit) your job is charged as below
              Project Account: 132713603932
              Account Balance: 4138.702171
              Requested SUs:   21.333333333333
Submitted batch job 9326836
(from job_submit) your job is charged as below
              Project Account: 132713603932
              Account Balance: 4138.702171
              Requested SUs:   21.333333333333
Submitted batch job 9326837
(from job_submit) your job is charged as below
              Project Account: 132713603932
              Account Balance: 4138.702171
              Requested SUs:   21.333333333333
Submitted batch job 9326838
(from job_submit) your job is charged as below
              Project Account: 132713603932
              Account Balance: 4138.702171
              Requested SUs:   21.333333333333
Submitted batch job 9326839
(from job_submit) your job is charged as below
              Project Account: 132713603932
              Account Balance: 4138.702171
              Requested SUs:   21.333333333333
Submitted batch job 9326840
(from job_submit) your job is charged as below
              Project Account: 132713603932
              Account Balance: 3989.368828
              Requested SUs:   21.333333333333
Submitted batch job 9326841
(from job_submit) your job is charged as below
              Project Account: 132713603932
              Account Balance: 3989.368828
              Requested SUs:   21.333333333333
Submitted batch job 9326842
(from job_submit) your job is charged as below
              Project Account: 132713603932
              Account Balance: 3989.368828
              Requested SUs:   21.333333333333
Submitted batch job 9326843
(from job_submit) your job is charged as below
              Project Account: 132713603932
              Account Balance: 3989.368828
              Requested SUs:   21.333333333333
Submitted batch job 9326844
(from job_submit) your job is charged as below
              Project Account: 132713603932
              Account Balance: 3989.368828
              Requested SUs:   21.333333333333
Submitted batch job 9326845
(from job_submit) your job is charged as below
              Project Account: 132713603932
              Account Balance: 3989.368828
              Requested SUs:   21.333333333333
Submitted batch job 9326847
(from job_submit) your job is charged as below
              Project Account: 132713603932
              Account Balance: 3861.368950
              Requested SUs:   42.666666666667
Submitted batch job 9326848
(from job_submit) your job is charged as below
              Project Account: 132713603932
              Account Balance: 3861.368950
              Requested SUs:   42.666666666667
Submitted batch job 9326849
(from job_submit) your job is charged as below
              Project Account: 132713603932
              Account Balance: 3914.702202
              Requested SUs:   42.666666666667
Submitted batch job 9326850
(from job_submit) your job is charged as below
              Project Account: 132713603932
              Account Balance: 3914.702202
              Requested SUs:   42.666666666667
Submitted batch job 9326851
(from job_submit) your job is charged as below
              Project Account: 132713603932
              Account Balance: 3914.702202
              Requested SUs:   42.666666666667
Submitted batch job 9326853
(from job_submit) your job is charged as below
              Project Account: 132713603932
              Account Balance: 3914.702202
              Requested SUs:   42.666666666667
Submitted batch job 9326855
(from job_submit) your job is charged as below
              Project Account: 132713603932
              Account Balance: 3914.702202
              Requested SUs:   42.666666666667
Submitted batch job 9326857
(from job_submit) your job is charged as below
              Project Account: 132713603932
              Account Balance: 3701.368767
              Requested SUs:   42.666666666667
Submitted batch job 9326858
(from job_submit) your job is charged as below
              Project Account: 132713603932
              Account Balance: 3701.368767
              Requested SUs:   42.666666666667
Submitted batch job 9326859
(from job_submit) your job is charged as below
              Project Account: 132713603932
              Account Balance: 3701.368767
              Requested SUs:   42.666666666667
Submitted batch job 9326860
(from job_submit) your job is charged as below
              Project Account: 132713603932
              Account Balance: 3701.368767
              Requested SUs:   42.666666666667
Submitted batch job 9326861
(from job_submit) your job is charged as below
              Project Account: 132713603932
              Account Balance: 3701.368767
              Requested SUs:   42.666666666667
Submitted batch job 9326862
(from job_submit) your job is charged as below
              Project Account: 132713603932
              Account Balance: 3701.368767
              Requested SUs:   42.666666666667
Submitted batch job 9326863
(from job_submit) your job is charged as below
              Project Account: 132713603932
              Account Balance: 3701.368767
              Requested SUs:   42.666666666667
Submitted batch job 9326864
(from job_submit) your job is charged as below
              Project Account: 132713603932
              Account Balance: 3402.702202
              Requested SUs:   42.666666666667
Submitted batch job 9326865
(from job_submit) your job is charged as below
              Project Account: 132713603932
              Account Balance: 3402.702202
              Requested SUs:   42.666666666667
Submitted batch job 9326866
(from job_submit) your job is charged as below
              Project Account: 132713603932
              Account Balance: 3402.702202
              Requested SUs:   42.666666666667
Submitted batch job 9326867
(from job_submit) your job is charged as below
              Project Account: 132713603932
              Account Balance: 3402.702202
              Requested SUs:   42.666666666667
Submitted batch job 9326868
(from job_submit) your job is charged as below
              Project Account: 132713603932
              Account Balance: 3402.702202
              Requested SUs:   42.666666666667
Submitted batch job 9326869
(from job_submit) your job is charged as below
              Project Account: 132713603932
              Account Balance: 3402.702202
              Requested SUs:   42.666666666667
Submitted batch job 9326870
(from job_submit) your job is charged as below
              Project Account: 132713603932
              Account Balance: 3402.702202
              Requested SUs:   42.666666666667
Submitted batch job 9326871
(from job_submit) your job is charged as below
              Project Account: 132713603932
              Account Balance: 3061.369194
              Requested SUs:   42.666666666667
Submitted batch job 9326872
(from job_submit) your job is charged as below
              Project Account: 132713603932
              Account Balance: 3061.369194
              Requested SUs:   42.666666666667
Submitted batch job 9326873
(from job_submit) your job is charged as below
              Project Account: 132713603932
              Account Balance: 3061.369194
              Requested SUs:   42.666666666667
Submitted batch job 9326874
(from job_submit) your job is charged as below
              Project Account: 132713603932
              Account Balance: 3061.369194
              Requested SUs:   42.666666666667
Submitted batch job 9326875
(from job_submit) your job is charged as below
              Project Account: 132713603932
              Account Balance: 3061.369194
              Requested SUs:   42.666666666667
Submitted batch job 9326876
(from job_submit) your job is charged as below
              Project Account: 132713603932
              Account Balance: 3061.369194
              Requested SUs:   42.666666666667
Submitted batch job 9326877
(from job_submit) your job is charged as below
              Project Account: 132713603932
              Account Balance: 3061.369194
              Requested SUs:   42.666666666667
Submitted batch job 9326879
(from job_submit) your job is charged as below
              Project Account: 132713603932
              Account Balance: 4512.035534
              Requested SUs:   85.333333333333
Submitted batch job 9326880
(from job_submit) your job is charged as below
              Project Account: 132713603932
              Account Balance: 4512.035534
              Requested SUs:   85.333333333333
Submitted batch job 9326881
(from job_submit) your job is charged as below
              Project Account: 132713603932
              Account Balance: 4512.035534
              Requested SUs:   85.333333333333
Submitted batch job 9326882
(from job_submit) your job is charged as below
              Project Account: 132713603932
              Account Balance: 4512.035534
              Requested SUs:   85.333333333333
Submitted batch job 9326883
(from job_submit) your job is charged as below
              Project Account: 132713603932
              Account Balance: 4512.035534
              Requested SUs:   85.333333333333
Submitted batch job 9326884
(from job_submit) your job is charged as below
              Project Account: 132713603932
              Account Balance: 4512.035534
              Requested SUs:   85.333333333333
Submitted batch job 9326885
(from job_submit) your job is charged as below
              Project Account: 132713603932
              Account Balance: 4512.035534
              Requested SUs:   85.333333333333
Submitted batch job 9326886
(from job_submit) your job is charged as below
              Project Account: 132713603932
              Account Balance: 3914.702202
              Requested SUs:   85.333333333333
Submitted batch job 9326887
(from job_submit) your job is charged as below
              Project Account: 132713603932
              Account Balance: 3914.702202
              Requested SUs:   85.333333333333
Submitted batch job 9326888
(from job_submit) your job is charged as below
              Project Account: 132713603932
              Account Balance: 3914.702202
              Requested SUs:   85.333333333333
Submitted batch job 9326889
(from job_submit) your job is charged as below
              Project Account: 132713603932
              Account Balance: 3914.702202
              Requested SUs:   85.333333333333
Submitted batch job 9326890
(from job_submit) your job is charged as below
              Project Account: 132713603932
              Account Balance: 3914.702202
              Requested SUs:   85.333333333333
Submitted batch job 9326891
(from job_submit) your job is charged as below
              Project Account: 132713603932
              Account Balance: 3914.702202
              Requested SUs:   85.333333333333
Submitted batch job 9326892
(from job_submit) your job is charged as below
              Project Account: 132713603932
              Account Balance: 3914.702202
              Requested SUs:   85.333333333333
Submitted batch job 9326893
(from job_submit) your job is charged as below
              Project Account: 132713603932
              Account Balance: 3914.702202
              Requested SUs:   85.333333333333
Submitted batch job 9326894
(from job_submit) your job is charged as below
              Project Account: 132713603932
              Account Balance: 3317.368828
              Requested SUs:   85.333333333333
Submitted batch job 9326895
(from job_submit) your job is charged as below
              Project Account: 132713603932
              Account Balance: 3317.368828
              Requested SUs:   85.333333333333
Submitted batch job 9326896
(from job_submit) your job is charged as below
              Project Account: 132713603932
              Account Balance: 3317.368828
              Requested SUs:   85.333333333333
Submitted batch job 9326897
(from job_submit) your job is charged as below
              Project Account: 132713603932
              Account Balance: 3317.368828
              Requested SUs:   85.333333333333
Submitted batch job 9326898
(from job_submit) your job is charged as below
              Project Account: 132713603932
              Account Balance: 3317.368828
              Requested SUs:   85.333333333333
Submitted batch job 9326899
(from job_submit) your job is charged as below
              Project Account: 132713603932
              Account Balance: 3317.368828
              Requested SUs:   85.333333333333
Submitted batch job 9326900
(from job_submit) your job is charged as below
              Project Account: 132713603932
              Account Balance: 3317.368828
              Requested SUs:   85.333333333333
Submitted batch job 9326901
(from job_submit) your job is charged as below
              Project Account: 132713603932
              Account Balance: 2677.368584
              Requested SUs:   85.333333333333
Submitted batch job 9326902
(from job_submit) your job is charged as below
              Project Account: 132713603932
              Account Balance: 2677.368584
              Requested SUs:   85.333333333333
Submitted batch job 9326903
(from job_submit) your job is charged as below
              Project Account: 132713603932
              Account Balance: 2677.368584
              Requested SUs:   85.333333333333
Submitted batch job 9326904
(from job_submit) your job is charged as below
              Project Account: 132713603932
              Account Balance: 2677.368584
              Requested SUs:   85.333333333333
Submitted batch job 9326905
(from job_submit) your job is charged as below
              Project Account: 132713603932
              Account Balance: 2677.368584
              Requested SUs:   85.333333333333
Submitted batch job 9326906
(from job_submit) your job is charged as below
              Project Account: 132713603932
              Account Balance: 2677.368584
              Requested SUs:   85.333333333333
Submitted batch job 9326908
(from job_submit) your job is charged as below
              Project Account: 132713603932
              Account Balance: 2165.368950
              Requested SUs:   170.66666666667
Submitted batch job 9326909
(from job_submit) your job is charged as below
              Project Account: 132713603932
              Account Balance: 2165.368950
              Requested SUs:   170.66666666667
Submitted batch job 9326910
(from job_submit) your job is charged as below
              Project Account: 132713603932
              Account Balance: 2165.368950
              Requested SUs:   170.66666666667
Submitted batch job 9326911
(from job_submit) your job is charged as below
              Project Account: 132713603932
              Account Balance: 2165.368950
              Requested SUs:   170.66666666667
Submitted batch job 9326912
(from job_submit) your job is charged as below
              Project Account: 132713603932
              Account Balance: 2165.368950
              Requested SUs:   170.66666666667
Submitted batch job 9326913
(from job_submit) your job is charged as below
              Project Account: 132713603932
              Account Balance: 1312.035210
              Requested SUs:   170.66666666667
Submitted batch job 9326914
(from job_submit) your job is charged as below
              Project Account: 132713603932
              Account Balance: 1312.035210
              Requested SUs:   170.66666666667
Submitted batch job 9326915
(from job_submit) your job is charged as below
              Project Account: 132713603932
              Account Balance: 1312.035210
              Requested SUs:   170.66666666667
Submitted batch job 9326916
(from job_submit) your job is charged as below
              Project Account: 132713603932
              Account Balance: 1312.035210
              Requested SUs:   170.66666666667
Submitted batch job 9326917
(from job_submit) your job is charged as below
              Project Account: 132713603932
              Account Balance: 1312.035210
              Requested SUs:   170.66666666667
Submitted batch job 9326918
(from job_submit) your job is charged as below
              Project Account: 132713603932
              Account Balance: 1312.035210
              Requested SUs:   170.66666666667
Submitted batch job 9326919
(from job_submit) your job is charged as below
              Project Account: 132713603932
              Account Balance: 1312.035210
              Requested SUs:   170.66666666667
Submitted batch job 9326920
(from job_submit) your job is charged as below
              Project Account: 132713603932
              Account Balance: 885.367973
              Requested SUs:   170.66666666667
Submitted batch job 9326921
(from job_submit) your job is charged as below
              Project Account: 132713603932
              Account Balance: 885.367973
              Requested SUs:   170.66666666667
Submitted batch job 9326922
(from job_submit) your job is charged as below
              Project Account: 132713603932
              Account Balance: 885.367973
              Requested SUs:   170.66666666667
Submitted batch job 9326923
(from job_submit) your job is charged as below
              Project Account: 132713603932
              Account Balance: 885.367973
              Requested SUs:   170.66666666667
Submitted batch job 9326924
(from job_submit) your job is charged as below
              Project Account: 132713603932
              Account Balance: 885.367973
              Requested SUs:   170.66666666667
Submitted batch job 9326925
(from job_submit) your job is charged as below
              Project Account: 132713603932
              Account Balance: 885.367973
              Requested SUs:   170.66666666667
Submitted batch job 9326926
(from job_submit) your job is charged as below
              Project Account: 132713603932
              Account Balance: 885.367973
              Requested SUs:   170.66666666667
Submitted batch job 9326927
(from job_submit) your job is charged as below
              Project Account: 132713603932
              Account Balance: 885.367973
              Requested SUs:   170.66666666667







Submitted batch job 9327088
(from job_submit) your job is charged as below
              Project Account: 132713603932
              Account Balance: 4384.035530
              Requested SUs:   170.66666666667
Submitted batch job 9327089
(from job_submit) your job is charged as below
              Project Account: 132713603932
              Account Balance: 4384.035530
              Requested SUs:   170.66666666667
Submitted batch job 9327090
(from job_submit) your job is charged as below
              Project Account: 132713603932
              Account Balance: 4384.035530
              Requested SUs:   170.66666666667
Submitted batch job 9327091
(from job_submit) your job is charged as below
              Project Account: 132713603932
              Account Balance: 4384.035530
              Requested SUs:   170.66666666667
Submitted batch job 9327093
(from job_submit) your job is charged as below
              Project Account: 132713603932
              Account Balance: 4384.035530
              Requested SUs:   170.66666666667
Submitted batch job 9327094
(from job_submit) your job is charged as below
              Project Account: 132713603932
              Account Balance: 3701.368828
              Requested SUs:   170.66666666667
Submitted batch job 9327095
(from job_submit) your job is charged as below
              Project Account: 132713603932
              Account Balance: 3701.368828
              Requested SUs:   170.66666666667
